0 info it worked if it ends with ok
1 verbose cli [ 'C:\\Program Files\\nodejs\\node.exe',
1 verbose cli   'C:\\Program Files\\nodejs\\node_modules\\npm\\bin\\npm-cli.js',
1 verbose cli   'cache',
1 verbose cli   'clean' ]
2 info using npm@3.10.3
3 info using node@v6.5.0
4 silly ls normalized .
5 silly gentlyRm C:\Users\Charles\AppData\Roaming\npm-cache\_locks is being purged
6 verbose gentlyRm don't care about contents; nuking C:\Users\Charles\AppData\Roaming\npm-cache\_locks
7 silly gentlyRm C:\Users\Charles\AppData\Roaming\npm-cache\accepts is being purged
8 verbose gentlyRm don't care about contents; nuking C:\Users\Charles\AppData\Roaming\npm-cache\accepts
9 silly gentlyRm C:\Users\Charles\AppData\Roaming\npm-cache\array-flatten is being purged
10 verbose gentlyRm don't care about contents; nuking C:\Users\Charles\AppData\Roaming\npm-cache\array-flatten
11 silly gentlyRm C:\Users\Charles\AppData\Roaming\npm-cache\content-disposition is being purged
12 verbose gentlyRm don't care about contents; nuking C:\Users\Charles\AppData\Roaming\npm-cache\content-disposition
13 silly gentlyRm C:\Users\Charles\AppData\Roaming\npm-cache\cookie is being purged
14 verbose gentlyRm don't care about contents; nuking C:\Users\Charles\AppData\Roaming\npm-cache\cookie
15 silly gentlyRm C:\Users\Charles\AppData\Roaming\npm-cache\cookie-signature is being purged
16 verbose gentlyRm don't care about contents; nuking C:\Users\Charles\AppData\Roaming\npm-cache\cookie-signature
17 silly gentlyRm C:\Users\Charles\AppData\Roaming\npm-cache\debug is being purged
18 verbose gentlyRm don't care about contents; nuking C:\Users\Charles\AppData\Roaming\npm-cache\debug
19 silly gentlyRm C:\Users\Charles\AppData\Roaming\npm-cache\destroy is being purged
20 verbose gentlyRm don't care about contents; nuking C:\Users\Charles\AppData\Roaming\npm-cache\destroy
21 silly gentlyRm C:\Users\Charles\AppData\Roaming\npm-cache\encodeurl is being purged
22 verbose gentlyRm don't care about contents; nuking C:\Users\Charles\AppData\Roaming\npm-cache\encodeurl
23 silly gentlyRm C:\Users\Charles\AppData\Roaming\npm-cache\escape-html is being purged
24 verbose gentlyRm don't care about contents; nuking C:\Users\Charles\AppData\Roaming\npm-cache\escape-html
25 silly gentlyRm C:\Users\Charles\AppData\Roaming\npm-cache\etag is being purged
26 verbose gentlyRm don't care about contents; nuking C:\Users\Charles\AppData\Roaming\npm-cache\etag
27 silly gentlyRm C:\Users\Charles\AppData\Roaming\npm-cache\express is being purged
28 verbose gentlyRm don't care about contents; nuking C:\Users\Charles\AppData\Roaming\npm-cache\express
29 silly gentlyRm C:\Users\Charles\AppData\Roaming\npm-cache\finalhandler is being purged
30 verbose gentlyRm don't care about contents; nuking C:\Users\Charles\AppData\Roaming\npm-cache\finalhandler
31 silly gentlyRm C:\Users\Charles\AppData\Roaming\npm-cache\forwarded is being purged
32 verbose gentlyRm don't care about contents; nuking C:\Users\Charles\AppData\Roaming\npm-cache\forwarded
33 silly gentlyRm C:\Users\Charles\AppData\Roaming\npm-cache\fresh is being purged
34 verbose gentlyRm don't care about contents; nuking C:\Users\Charles\AppData\Roaming\npm-cache\fresh
35 silly gentlyRm C:\Users\Charles\AppData\Roaming\npm-cache\ipaddr.js is being purged
36 verbose gentlyRm don't care about contents; nuking C:\Users\Charles\AppData\Roaming\npm-cache\ipaddr.js
37 silly gentlyRm C:\Users\Charles\AppData\Roaming\npm-cache\merge-descriptors is being purged
38 verbose gentlyRm don't care about contents; nuking C:\Users\Charles\AppData\Roaming\npm-cache\merge-descriptors
39 silly gentlyRm C:\Users\Charles\AppData\Roaming\npm-cache\mime is being purged
40 verbose gentlyRm don't care about contents; nuking C:\Users\Charles\AppData\Roaming\npm-cache\mime
41 silly gentlyRm C:\Users\Charles\AppData\Roaming\npm-cache\negotiator is being purged
42 verbose gentlyRm don't care about contents; nuking C:\Users\Charles\AppData\Roaming\npm-cache\negotiator
43 silly gentlyRm C:\Users\Charles\AppData\Roaming\npm-cache\path-to-regexp is being purged
44 verbose gentlyRm don't care about contents; nuking C:\Users\Charles\AppData\Roaming\npm-cache\path-to-regexp
45 silly gentlyRm C:\Users\Charles\AppData\Roaming\npm-cache\proxy-addr is being purged
46 verbose gentlyRm don't care about contents; nuking C:\Users\Charles\AppData\Roaming\npm-cache\proxy-addr
47 silly gentlyRm C:\Users\Charles\AppData\Roaming\npm-cache\range-parser is being purged
48 verbose gentlyRm don't care about contents; nuking C:\Users\Charles\AppData\Roaming\npm-cache\range-parser
49 silly gentlyRm C:\Users\Charles\AppData\Roaming\npm-cache\registry.npmjs.org is being purged
50 verbose gentlyRm don't care about contents; nuking C:\Users\Charles\AppData\Roaming\npm-cache\registry.npmjs.org
51 silly gentlyRm C:\Users\Charles\AppData\Roaming\npm-cache\send is being purged
52 verbose gentlyRm don't care about contents; nuking C:\Users\Charles\AppData\Roaming\npm-cache\send
53 silly gentlyRm C:\Users\Charles\AppData\Roaming\npm-cache\serve-static is being purged
54 verbose gentlyRm don't care about contents; nuking C:\Users\Charles\AppData\Roaming\npm-cache\serve-static
55 silly gentlyRm C:\Users\Charles\AppData\Roaming\npm-cache\utils-merge is being purged
56 verbose gentlyRm don't care about contents; nuking C:\Users\Charles\AppData\Roaming\npm-cache\utils-merge
57 silly vacuum-fs purging C:\Users\Charles\AppData\Roaming\npm-cache\accepts
58 silly vacuum-fs purging C:\Users\Charles\AppData\Roaming\npm-cache\_locks
59 silly vacuum-fs purging C:\Users\Charles\AppData\Roaming\npm-cache\array-flatten
60 silly vacuum-fs purging C:\Users\Charles\AppData\Roaming\npm-cache\content-disposition
61 silly vacuum-fs purging C:\Users\Charles\AppData\Roaming\npm-cache\cookie
62 silly vacuum-fs purging C:\Users\Charles\AppData\Roaming\npm-cache\cookie-signature
63 silly vacuum-fs purging C:\Users\Charles\AppData\Roaming\npm-cache\destroy
64 silly vacuum-fs purging C:\Users\Charles\AppData\Roaming\npm-cache\encodeurl
65 silly vacuum-fs purging C:\Users\Charles\AppData\Roaming\npm-cache\escape-html
66 silly vacuum-fs purging C:\Users\Charles\AppData\Roaming\npm-cache\debug
67 silly vacuum-fs purging C:\Users\Charles\AppData\Roaming\npm-cache\etag
68 silly vacuum-fs purging C:\Users\Charles\AppData\Roaming\npm-cache\finalhandler
69 silly vacuum-fs purging C:\Users\Charles\AppData\Roaming\npm-cache\express
70 silly vacuum-fs purging C:\Users\Charles\AppData\Roaming\npm-cache\forwarded
71 silly vacuum-fs purging C:\Users\Charles\AppData\Roaming\npm-cache\fresh
72 silly vacuum-fs purging C:\Users\Charles\AppData\Roaming\npm-cache\ipaddr.js
73 silly vacuum-fs purging C:\Users\Charles\AppData\Roaming\npm-cache\merge-descriptors
74 silly vacuum-fs purging C:\Users\Charles\AppData\Roaming\npm-cache\mime
75 silly vacuum-fs purging C:\Users\Charles\AppData\Roaming\npm-cache\negotiator
76 silly vacuum-fs purging C:\Users\Charles\AppData\Roaming\npm-cache\proxy-addr
77 silly vacuum-fs purging C:\Users\Charles\AppData\Roaming\npm-cache\path-to-regexp
78 silly vacuum-fs purging C:\Users\Charles\AppData\Roaming\npm-cache\range-parser
79 silly vacuum-fs purging C:\Users\Charles\AppData\Roaming\npm-cache\send
80 silly vacuum-fs purging C:\Users\Charles\AppData\Roaming\npm-cache\registry.npmjs.org
81 silly vacuum-fs purging C:\Users\Charles\AppData\Roaming\npm-cache\utils-merge
82 silly vacuum-fs purging C:\Users\Charles\AppData\Roaming\npm-cache\serve-static
83 silly vacuum-fs quitting because other entries in C:\Users\Charles\AppData\Roaming\npm-cache
84 silly vacuum-fs quitting because other entries in C:\Users\Charles\AppData\Roaming\npm-cache
85 silly vacuum-fs quitting because other entries in C:\Users\Charles\AppData\Roaming\npm-cache
86 silly vacuum-fs quitting because other entries in C:\Users\Charles\AppData\Roaming\npm-cache
87 silly vacuum-fs quitting because other entries in C:\Users\Charles\AppData\Roaming\npm-cache
88 silly vacuum-fs quitting because other entries in C:\Users\Charles\AppData\Roaming\npm-cache
89 silly vacuum-fs quitting because other entries in C:\Users\Charles\AppData\Roaming\npm-cache
90 silly vacuum-fs quitting because other entries in C:\Users\Charles\AppData\Roaming\npm-cache
91 silly vacuum-fs removing C:\Users\Charles\AppData\Roaming\npm-cache
92 silly vacuum-fs removing C:\Users\Charles\AppData\Roaming\npm-cache
93 silly vacuum-fs removing C:\Users\Charles\AppData\Roaming\npm-cache
94 silly vacuum-fs removing C:\Users\Charles\AppData\Roaming\npm-cache
95 silly vacuum-fs removing C:\Users\Charles\AppData\Roaming\npm-cache
96 silly vacuum-fs removing C:\Users\Charles\AppData\Roaming\npm-cache
97 silly vacuum-fs removing C:\Users\Charles\AppData\Roaming\npm-cache
98 silly vacuum-fs removing C:\Users\Charles\AppData\Roaming\npm-cache
99 silly vacuum-fs removing C:\Users\Charles\AppData\Roaming\npm-cache
100 silly vacuum-fs removing C:\Users\Charles\AppData\Roaming\npm-cache
101 silly vacuum-fs removing C:\Users\Charles\AppData\Roaming\npm-cache
102 silly vacuum-fs removing C:\Users\Charles\AppData\Roaming\npm-cache
103 silly vacuum-fs removing C:\Users\Charles\AppData\Roaming\npm-cache
104 silly vacuum-fs removing C:\Users\Charles\AppData\Roaming\npm-cache
105 silly vacuum-fs removing C:\Users\Charles\AppData\Roaming\npm-cache
106 silly vacuum-fs removing C:\Users\Charles\AppData\Roaming\npm-cache
107 silly vacuum-fs removing C:\Users\Charles\AppData\Roaming\npm-cache
108 silly vacuum-fs removing C:\Users\Charles\AppData\Roaming\npm-cache
109 silly vacuum-fs unable to remove C:\Users\Charles\AppData\Roaming\npm-cache due to EPERM: operation not permitted, rmdir 'C:\Users\Charles\AppData\Roaming\npm-cache'
110 silly vacuum-fs unable to remove C:\Users\Charles\AppData\Roaming\npm-cache due to EPERM: operation not permitted, rmdir 'C:\Users\Charles\AppData\Roaming\npm-cache'
111 silly vacuum-fs quitting because lost the race to remove C:\Users\Charles\AppData\Roaming\npm-cache
112 silly vacuum-fs quitting because lost the race to remove C:\Users\Charles\AppData\Roaming\npm-cache
113 silly vacuum-fs quitting because lost the race to remove C:\Users\Charles\AppData\Roaming\npm-cache
114 silly vacuum-fs quitting because lost the race to remove C:\Users\Charles\AppData\Roaming\npm-cache
115 silly vacuum-fs quitting because lost the race to remove C:\Users\Charles\AppData\Roaming\npm-cache
116 silly vacuum-fs quitting because lost the race to remove C:\Users\Charles\AppData\Roaming\npm-cache
117 silly vacuum-fs quitting because lost the race to remove C:\Users\Charles\AppData\Roaming\npm-cache
118 silly vacuum-fs quitting because lost the race to remove C:\Users\Charles\AppData\Roaming\npm-cache
119 silly vacuum-fs quitting because lost the race to remove C:\Users\Charles\AppData\Roaming\npm-cache
120 silly vacuum-fs quitting because lost the race to remove C:\Users\Charles\AppData\Roaming\npm-cache
121 silly vacuum-fs quitting because lost the race to remove C:\Users\Charles\AppData\Roaming\npm-cache
122 silly vacuum-fs quitting because lost the race to remove C:\Users\Charles\AppData\Roaming\npm-cache
123 silly vacuum-fs quitting because lost the race to remove C:\Users\Charles\AppData\Roaming\npm-cache
124 silly vacuum-fs quitting because lost the race to remove C:\Users\Charles\AppData\Roaming\npm-cache
125 silly vacuum-fs quitting because other entries in C:\Users\Charles\AppData\Roaming
126 silly vacuum-fs quitting because other entries in C:\Users\Charles\AppData\Roaming
127 verbose stack Error: EPERM: operation not permitted, rmdir 'C:\Users\Charles\AppData\Roaming\npm-cache'
127 verbose stack     at Error (native)
128 verbose cwd C:\Users\Charles\desktop\bootcamp\MissingLinks
129 error Windows_NT 10.0.14393
130 error argv "C:\\Program Files\\nodejs\\node.exe" "C:\\Program Files\\nodejs\\node_modules\\npm\\bin\\npm-cli.js" "cache" "clean"
131 error node v6.5.0
132 error npm  v3.10.3
133 error path C:\Users\Charles\AppData\Roaming\npm-cache
134 error code EPERM
135 error errno -4048
136 error syscall rmdir
137 error Error: EPERM: operation not permitted, rmdir 'C:\Users\Charles\AppData\Roaming\npm-cache'
137 error     at Error (native)
137 error  { Error: EPERM: operation not permitted, rmdir 'C:\Users\Charles\AppData\Roaming\npm-cache'
137 error     at Error (native)
137 error   errno: -4048,
137 error   code: 'EPERM',
137 error   syscall: 'rmdir',
137 error   path: 'C:\\Users\\Charles\\AppData\\Roaming\\npm-cache' }
138 error Please try running this command again as root/Administrator.
139 verbose exit [ -4048, true ]
